<?xml version="1.0" encoding="UTF-8" ?>
<testsuite errors="0" failures="0" hostname="JUNGS-PC" name="com.work.RDBLectureServiceTest" tests="2" time="0.044" timestamp="2013-08-24T13:26:40">
  <properties>
[...]
</properties>
  <testcase classname="com.work.RDBLectureServiceTest" name="testInsertLecture" time="0.0040" />
  <testcase classname="com.work.RDBLectureServiceTest" name="testSelectLecture" time="0.0" />
  <system-out><![CDATA[insert success
]]></system-out>
  <system-err><![CDATA[]]></system-err>
</testsuite>
