<?xml version="1.0" encoding="UTF-8"?>
<testng-results skipped="0" failed="0" total="2" passed="2">
  <reporter-output>
  </reporter-output>
  <suite name="Ant suite" duration-ms="31" started-at="2013-08-24T12:47:24Z" finished-at="2013-08-24T12:47:24Z">
    <groups>
    </groups>
    <test name="Ant test" duration-ms="31" started-at="2013-08-24T12:47:24Z" finished-at="2013-08-24T12:47:24Z">
      <class name="com.work.RestfulLectureServiceTest">
        <test-method status="PASS" signature="insertLecture()[pri:0, instance:com.work.RestfulLectureServiceTest@867e89]" name="insertLecture" duration-ms="18" started-at="2013-08-24T21:47:24Z" finished-at="2013-08-24T21:47:24Z">
          <reporter-output>
          </reporter-output>
        </test-method> <!-- insertLecture -->
        <test-method status="PASS" signature="selectLecture()[pri:0, instance:com.work.RestfulLectureServiceTest@867e89]" name="selectLecture" duration-ms="0" started-at="2013-08-24T21:47:24Z" finished-at="2013-08-24T21:47:24Z">
          <reporter-output>
          </reporter-output>
        </test-method> <!-- selectLecture -->
      </class> <!-- com.work.RestfulLectureServiceTest -->
    </test> <!-- Ant test -->
  </suite> <!-- Ant suite -->
</testng-results>
